Reading SMILES (C)
3 (#3) warning: molecule contains more than 3 bromines
28 (#25) warning: molecule contains more than 3 bromines
195 (#150) warning: molecular mass less than 20 daltons
215 (#161) warning: molecule contains more than 3 chlorines
216 (#162) warning: molecule contains more than 3 chlorines
222 (#168) warning: molecule contains more than 3 chlorines
223 (#169) warning: molecule contains more than 3 chlorines
226 (#170) warning: molecule contains more than 3 chlorines
227 (#171) warning: molecule contains more than 3 chlorines
228 (#172) warning: molecule contains more than 3 chlorines
229 (#173) warning: molecule contains more than 3 chlorines
231 (#175) warning: molecule contains more than 3 chlorines
232 (#176) warning: molecule contains more than 3 chlorines
233 (#177) warning: molecule contains more than 3 chlorines
234 (#178) warning: molecule contains more than 3 chlorines
235 (#179) warning: molecule contains more than 3 chlorines
236 (#180) warning: molecule contains more than 3 chlorines
237 (#181) warning: molecule contains more than 3 chlorines
239 (#182) warning: molecule contains more than 3 chlorines
240 (#183) warning: molecule contains more than 3 chlorines
241 (#184) warning: molecule contains more than 3 chlorines
242 (#185) warning: molecule contains more than 3 chlorines
243 (#186) warning: molecule contains more than 3 chlorines
244 (#187) warning: molecule contains more than 3 chlorines
246 (#189) warning: molecule contains more than 3 chlorines
247 (#190) warning: molecule contains more than 3 chlorines
249 (#191) warning: molecule contains more than 3 chlorines
250 (#192) warning: molecule contains more than 3 chlorines
251 (#193) warning: molecule contains more than 3 chlorines
252 (#194) warning: molecule contains more than 3 chlorines
253 (#195) warning: molecule contains more than 3 chlorines
254 (#196) warning: molecule contains more than 3 chlorines
255 (#197) warning: molecule contains more than 3 chlorines
256 (#198) warning: molecule contains more than 3 chlorines
259 (#201) warning: molecule contains more than 3 chlorines
260 (#202) warning: molecule contains more than 3 chlorines
261 (#203) warning: molecule contains more than 3 chlorines
262 (#204) warning: molecule contains more than 3 chlorines
263 (#205) warning: molecule contains more than 3 chlorines
264 (#206) warning: molecule contains more than 3 chlorines
265 (#207) warning: molecule contains more than 3 chlorines
267 (#209) warning: molecule contains more than 3 chlorines
268 (#210) warning: molecule contains more than 3 chlorines
278 (#220) warning: molecule contains more than 3 chlorines
279 (#221) warning: molecule contains more than 3 chlorines
280 (#222) warning: molecule contains more than 3 chlorines
281 (#223) warning: molecule contains more than 3 chlorines
282 (#224) warning: molecule contains more than 3 chlorines
283 (#225) warning: molecule contains more than 3 chlorines
284 (#226) warning: molecule contains more than 3 chlorines
286 (#228) warning: molecule contains more than 3 chlorines
287 (#229) warning: molecule contains more than 3 chlorines
297 (#239) warning: molecule contains more than 3 chlorines
298 (#240) warning: molecule contains more than 3 chlorines
300 (#242) warning: molecule contains more than 3 chlorines
305 (#247) warning: molecule contains more than 3 chlorines
311 (#253) warning: molecule contains more than 3 chlorines
312 (#254) warning: molecule contains more than 3 chlorines
313 (#255) warning: molecule contains more than 3 chlorines
317 (#259) warning: molecule contains more than 3 chlorines
318 (#260) warning: molecule contains more than 3 chlorines
322 (#264) warning: molecule contains more than 3 chlorines
323 (#265) warning: molecule contains more than 3 chlorines
343 (#284) warning: molecule contains more than 3 chlorines
344 (#285) warning: molecule contains more than 3 chlorines
345 (#286) warning: molecule contains more than 3 chlorines
354 (#294) warning: molecule contains more than 3 chlorines
403 (#340) warning: molecule contains more than 3 chlorines
425 (#359) warning: molecule contains more than 3 chlorines
426 (#360) warning: molecule contains more than 3 chlorines
450 (#383) warning: molecule contains more than 3 chlorines
452 (#385) warning: molecule contains more than 3 chlorines
453 (#386) warning: molecule contains more than 3 chlorines
462 (#395) warning: molecule contains more than 3 chlorines
463 (#396) warning: molecule contains more than 3 chlorines
464 (#397) warning: molecule contains more than 3 chlorines
466 (#398) warning: molecule contains more than 3 chlorines
470 (#400) warning: molecule contains more than 3 chlorines
471 (#401) warning: molecule contains more than 3 chlorines
475 (#404) warning: molecule contains more than 3 chlorines
476 (#405) warning: molecule contains more than 3 chlorines
518 (#435) warning: molecule contains more than 3 chlorines
519 (#436) warning: molecule contains more than 3 chlorines
529 (#444) warning: molecule contains more than 3 flourines
531 (#446) warning: molecule contains more than 3 flourines
532 (#447) warning: molecule contains more than 3 flourines
556 (#467) warning: molecule contains more than 3 flourines
574 (#483) warning: molecule contains more than 3 flourines
596 (#504) warning: molecule contains more than 3 iodines
829 (#726) warning: molecule contains more than 3 chlorines
834 (#731) warning: molecule contains more than 3 flourines
1668 (#1469) warning: molecule contains more than 3 chlorines
1679 (#1480) warning: molecule contains more than 3 chlorines
1689 (#1489) warning: molecule contains more than 3 chlorines
1690 (#1490) warning: molecule contains more than 3 chlorines
1691 (#1491) warning: molecule contains more than 3 chlorines
1692 (#1492) warning: molecule contains more than 3 chlorines
1693 (#1493) warning: molecule contains more than 3 chlorines
1694 (#1494) warning: molecule contains more than 3 chlorines
1695 (#1495) warning: molecule contains more than 3 chlorines
1696 (#1496) warning: molecule contains more than 3 chlorines
1698 (#1497) warning: molecule contains more than 3 chlorines
1699 (#1498) warning: molecule contains more than 3 chlorines
1700 (#1499) warning: molecule contains more than 3 chlorines
1701 (#1500) warning: molecule contains more than 3 chlorines
1702 (#1501) warning: molecule contains more than 3 chlorines
1703 (#1502) warning: molecule contains more than 3 chlorines
1704 (#1503) warning: molecule contains more than 3 chlorines
1705 (#1504) warning: molecule contains more than 3 chlorines
1706 (#1505) warning: molecule contains more than 3 chlorines
1707 (#1506) warning: molecule contains more than 3 chlorines
1708 (#1507) warning: molecule contains more than 3 chlorines
1712 (#1510) warning: molecule contains more than 3 chlorines
1713 (#1511) warning: molecule contains more than 3 chlorines
1714 (#1512) warning: molecule contains more than 3 chlorines
1715 (#1513) warning: molecule contains more than 3 chlorines
1716 (#1514) warning: molecule contains more than 3 chlorines
1717 (#1515) warning: molecule contains more than 3 flourines
1718 (#1516) warning: molecule contains more than 3 chlorines
1719 (#1517) warning: molecule contains more than 3 chlorines
1720 (#1518) warning: molecule contains more than 3 chlorines
1721 (#1519) warning: molecule contains more than 3 chlorines
1727 (#1525) warning: molecule contains more than 3 bromines
1728 (#1526) warning: molecule contains more than 3 bromines
1729 (#1527) warning: molecule contains more than 3 chlorines
1730 (#1528) warning: molecule contains more than 3 chlorines
1731 (#1529) warning: molecule contains more than 3 chlorines
1732 (#1530) warning: molecule contains more than 3 chlorines
1733 (#1531) warning: molecule contains more than 3 chlorines
1734 (#1532) warning: molecule contains more than 3 chlorines
1735 (#1533) warning: molecule contains more than 3 chlorines
1736 (#1534) warning: molecule contains more than 3 chlorines
1737 (#1535) warning: molecule contains more than 3 chlorines
1738 (#1536) warning: molecule contains more than 3 chlorines
1739 (#1537) warning: molecule contains more than 3 chlorines
1740 (#1538) warning: molecule contains more than 3 chlorines
1741 (#1539) warning: molecule contains more than 3 chlorines
1742 (#1540) warning: molecule contains more than 3 chlorines
1743 (#1541) warning: molecule contains more than 3 chlorines
1744 (#1542) warning: molecule contains more than 3 chlorines
1745 (#1543) warning: molecule contains more than 3 chlorines
1746 (#1544) warning: molecule contains more than 3 chlorines
1747 (#1545) warning: molecule contains more than 3 chlorines
1748 (#1546) warning: molecule contains more than 3 chlorines
1749 (#1547) warning: molecule contains more than 3 chlorines
1750 (#1548) warning: molecule contains more than 3 chlorines
1763 (#1561) warning: molecule contains more than 3 chlorines
1764 (#1562) warning: molecule contains more than 3 chlorines
1765 (#1563) warning: molecule contains more than 3 chlorines
1774 (#1572) warning: molecule contains more than 3 chlorines
2078 (#1868) warning: molecule contains more than 3 chlorines
2515 (#2305) warning: molecule contains more than 3 flourines
2811 (#2601) warning: molecule contains more than 3 chlorines
3100 (#2890) warning: molecule contains more than 3 chlorines
3116 (#2906) warning: molecule contains more than 3 chlorines
3137 (#2927) warning: molecule contains more than 3 chlorines
3142 (#2932) warning: molecule contains more than 3 chlorines
3145 (#2935) warning: molecule contains more than 3 chlorines
3147 (#2937) warning: molecule contains more than 3 chlorines
3264 (#3054) warning: molecule contains more than 3 chlorines
3265 (#3055) warning: molecule contains more than 3 chlorines
3266 (#3056) warning: molecule contains more than 3 chlorines
3268 (#3058) warning: molecule contains more than 3 chlorines
3269 (#3059) warning: molecule contains more than 3 chlorines
3272 (#3062) warning: molecule contains more than 3 chlorines
3277 (#3067) warning: failed dearomatize, didn't go through inchi
3280 (#3070) warning: failed dearomatize, didn't go through inchi
3314 (#3103) warning: failed dearomatize, didn't go through inchi
3315 (#3104) warning: failed dearomatize, didn't go through inchi
3317 (#3106) warning: molecule contains more than 3 chlorines
3321 (#3110) warning: molecule contains one or more inorganic atoms
3323 (#3112) warning: failed dearomatize, didn't go through inchi
3331 (#3120) warning: failed dearomatize, didn't go through inchi
3331 (#3120) warning: molecule contains more than 3 iodines
3334 (#3123) warning: failed dearomatize, didn't go through inchi
