<<<<<<< HEAD
Reading SMILES (C)
3 (#3) warning: molecule contains more than 3 bromines
28 (#25) warning: molecule contains more than 3 bromines
195 (#150) warning: molecular mass less than 20 daltons
215 (#161) warning: molecule contains more than 3 chlorines
216 (#162) warning: molecule contains more than 3 chlorines
222 (#168) warning: molecule contains more than 3 chlorines
223 (#169) warning: molecule contains more than 3 chlorines
226 (#170) warning: molecule contains more than 3 chlorines
227 (#171) warning: molecule contains more than 3 chlorines
228 (#172) warning: molecule contains more than 3 chlorines
229 (#173) warning: molecule contains more than 3 chlorines
231 (#175) warning: molecule contains more than 3 chlorines
232 (#176) warning: molecule contains more than 3 chlorines
233 (#177) warning: molecule contains more than 3 chlorines
234 (#178) warning: molecule contains more than 3 chlorines
235 (#179) warning: molecule contains more than 3 chlorines
236 (#180) warning: molecule contains more than 3 chlorines
237 (#181) warning: molecule contains more than 3 chlorines
239 (#182) warning: molecule contains more than 3 chlorines
240 (#183) warning: molecule contains more than 3 chlorines
241 (#184) warning: molecule contains more than 3 chlorines
242 (#185) warning: molecule contains more than 3 chlorines
243 (#186) warning: molecule contains more than 3 chlorines
244 (#187) warning: molecule contains more than 3 chlorines
246 (#189) warning: molecule contains more than 3 chlorines
247 (#190) warning: molecule contains more than 3 chlorines
249 (#191) warning: molecule contains more than 3 chlorines
250 (#192) warning: molecule contains more than 3 chlorines
251 (#193) warning: molecule contains more than 3 chlorines
252 (#194) warning: molecule contains more than 3 chlorines
253 (#195) warning: molecule contains more than 3 chlorines
254 (#196) warning: molecule contains more than 3 chlorines
255 (#197) warning: molecule contains more than 3 chlorines
256 (#198) warning: molecule contains more than 3 chlorines
259 (#201) warning: molecule contains more than 3 chlorines
260 (#202) warning: molecule contains more than 3 chlorines
261 (#203) warning: molecule contains more than 3 chlorines
262 (#204) warning: molecule contains more than 3 chlorines
263 (#205) warning: molecule contains more than 3 chlorines
264 (#206) warning: molecule contains more than 3 chlorines
265 (#207) warning: molecule contains more than 3 chlorines
267 (#209) warning: molecule contains more than 3 chlorines
268 (#210) warning: molecule contains more than 3 chlorines
278 (#220) warning: molecule contains more than 3 chlorines
279 (#221) warning: molecule contains more than 3 chlorines
280 (#222) warning: molecule contains more than 3 chlorines
281 (#223) warning: molecule contains more than 3 chlorines
282 (#224) warning: molecule contains more than 3 chlorines
283 (#225) warning: molecule contains more than 3 chlorines
284 (#226) warning: molecule contains more than 3 chlorines
286 (#228) warning: molecule contains more than 3 chlorines
287 (#229) warning: molecule contains more than 3 chlorines
297 (#239) warning: molecule contains more than 3 chlorines
298 (#240) warning: molecule contains more than 3 chlorines
300 (#242) warning: molecule contains more than 3 chlorines
305 (#247) warning: molecule contains more than 3 chlorines
311 (#253) warning: molecule contains more than 3 chlorines
312 (#254) warning: molecule contains more than 3 chlorines
313 (#255) warning: molecule contains more than 3 chlorines
317 (#259) warning: molecule contains more than 3 chlorines
318 (#260) warning: molecule contains more than 3 chlorines
322 (#264) warning: molecule contains more than 3 chlorines
323 (#265) warning: molecule contains more than 3 chlorines
343 (#284) warning: molecule contains more than 3 chlorines
344 (#285) warning: molecule contains more than 3 chlorines
345 (#286) warning: molecule contains more than 3 chlorines
354 (#294) warning: molecule contains more than 3 chlorines
403 (#340) warning: molecule contains more than 3 chlorines
425 (#359) warning: molecule contains more than 3 chlorines
426 (#360) warning: molecule contains more than 3 chlorines
450 (#383) warning: molecule contains more than 3 chlorines
452 (#385) warning: molecule contains more than 3 chlorines
453 (#386) warning: molecule contains more than 3 chlorines
462 (#395) warning: molecule contains more than 3 chlorines
463 (#396) warning: molecule contains more than 3 chlorines
464 (#397) warning: molecule contains more than 3 chlorines
466 (#398) warning: molecule contains more than 3 chlorines
470 (#400) warning: molecule contains more than 3 chlorines
471 (#401) warning: molecule contains more than 3 chlorines
475 (#404) warning: molecule contains more than 3 chlorines
476 (#405) warning: molecule contains more than 3 chlorines
518 (#435) warning: molecule contains more than 3 chlorines
519 (#436) warning: molecule contains more than 3 chlorines
529 (#444) warning: molecule contains more than 3 flourines
531 (#446) warning: molecule contains more than 3 flourines
532 (#447) warning: molecule contains more than 3 flourines
556 (#467) warning: molecule contains more than 3 flourines
574 (#483) warning: molecule contains more than 3 flourines
596 (#504) warning: molecule contains more than 3 iodines
829 (#726) warning: molecule contains more than 3 chlorines
834 (#731) warning: molecule contains more than 3 flourines
1668 (#1469) warning: molecule contains more than 3 chlorines
1679 (#1480) warning: molecule contains more than 3 chlorines
1689 (#1489) warning: molecule contains more than 3 chlorines
1690 (#1490) warning: molecule contains more than 3 chlorines
1691 (#1491) warning: molecule contains more than 3 chlorines
1692 (#1492) warning: molecule contains more than 3 chlorines
1693 (#1493) warning: molecule contains more than 3 chlorines
1694 (#1494) warning: molecule contains more than 3 chlorines
1695 (#1495) warning: molecule contains more than 3 chlorines
1696 (#1496) warning: molecule contains more than 3 chlorines
1698 (#1497) warning: molecule contains more than 3 chlorines
1699 (#1498) warning: molecule contains more than 3 chlorines
1700 (#1499) warning: molecule contains more than 3 chlorines
1701 (#1500) warning: molecule contains more than 3 chlorines
1702 (#1501) warning: molecule contains more than 3 chlorines
1703 (#1502) warning: molecule contains more than 3 chlorines
1704 (#1503) warning: molecule contains more than 3 chlorines
1705 (#1504) warning: molecule contains more than 3 chlorines
1706 (#1505) warning: molecule contains more than 3 chlorines
1707 (#1506) warning: molecule contains more than 3 chlorines
1708 (#1507) warning: molecule contains more than 3 chlorines
1712 (#1510) warning: molecule contains more than 3 chlorines
1713 (#1511) warning: molecule contains more than 3 chlorines
1714 (#1512) warning: molecule contains more than 3 chlorines
1715 (#1513) warning: molecule contains more than 3 chlorines
1716 (#1514) warning: molecule contains more than 3 chlorines
1717 (#1515) warning: molecule contains more than 3 flourines
1718 (#1516) warning: molecule contains more than 3 chlorines
1719 (#1517) warning: molecule contains more than 3 chlorines
1720 (#1518) warning: molecule contains more than 3 chlorines
1721 (#1519) warning: molecule contains more than 3 chlorines
1727 (#1525) warning: molecule contains more than 3 bromines
1728 (#1526) warning: molecule contains more than 3 bromines
1729 (#1527) warning: molecule contains more than 3 chlorines
1730 (#1528) warning: molecule contains more than 3 chlorines
1731 (#1529) warning: molecule contains more than 3 chlorines
1732 (#1530) warning: molecule contains more than 3 chlorines
1733 (#1531) warning: molecule contains more than 3 chlorines
1734 (#1532) warning: molecule contains more than 3 chlorines
1735 (#1533) warning: molecule contains more than 3 chlorines
1736 (#1534) warning: molecule contains more than 3 chlorines
1737 (#1535) warning: molecule contains more than 3 chlorines
1738 (#1536) warning: molecule contains more than 3 chlorines
1739 (#1537) warning: molecule contains more than 3 chlorines
1740 (#1538) warning: molecule contains more than 3 chlorines
1741 (#1539) warning: molecule contains more than 3 chlorines
1742 (#1540) warning: molecule contains more than 3 chlorines
1743 (#1541) warning: molecule contains more than 3 chlorines
1744 (#1542) warning: molecule contains more than 3 chlorines
1745 (#1543) warning: molecule contains more than 3 chlorines
1746 (#1544) warning: molecule contains more than 3 chlorines
1747 (#1545) warning: molecule contains more than 3 chlorines
1748 (#1546) warning: molecule contains more than 3 chlorines
1749 (#1547) warning: molecule contains more than 3 chlorines
1750 (#1548) warning: molecule contains more than 3 chlorines
1763 (#1561) warning: molecule contains more than 3 chlorines
1764 (#1562) warning: molecule contains more than 3 chlorines
1765 (#1563) warning: molecule contains more than 3 chlorines
1774 (#1572) warning: molecule contains more than 3 chlorines
2078 (#1868) warning: molecule contains more than 3 chlorines
2515 (#2305) warning: molecule contains more than 3 flourines
2811 (#2601) warning: molecule contains more than 3 chlorines
3100 (#2890) warning: molecule contains more than 3 chlorines
3116 (#2906) warning: molecule contains more than 3 chlorines
3137 (#2927) warning: molecule contains more than 3 chlorines
3142 (#2932) warning: molecule contains more than 3 chlorines
3145 (#2935) warning: molecule contains more than 3 chlorines
3147 (#2937) warning: molecule contains more than 3 chlorines
3264 (#3054) warning: molecule contains more than 3 chlorines
3265 (#3055) warning: molecule contains more than 3 chlorines
3266 (#3056) warning: molecule contains more than 3 chlorines
3268 (#3058) warning: molecule contains more than 3 chlorines
3269 (#3059) warning: molecule contains more than 3 chlorines
3272 (#3062) warning: molecule contains more than 3 chlorines
3277 (#3067) warning: failed dearomatize, didn't go through inchi
3280 (#3070) warning: failed dearomatize, didn't go through inchi
3314 (#3103) warning: failed dearomatize, didn't go through inchi
3315 (#3104) warning: failed dearomatize, didn't go through inchi
3317 (#3106) warning: molecule contains more than 3 chlorines
3321 (#3110) warning: molecule contains one or more inorganic atoms
3323 (#3112) warning: failed dearomatize, didn't go through inchi
3331 (#3120) warning: failed dearomatize, didn't go through inchi
3331 (#3120) warning: molecule contains more than 3 iodines
3334 (#3123) warning: failed dearomatize, didn't go through inchi
=======
Reading SDF (C)
Molecule3 (#3) warning: molecule contains more than 3 bromines
Molecule29 (#29) warning: molecule contains more than 3 bromines
Molecule207 (#207) warning: molecular mass less than 20 daltons
Molecule227 (#227) warning: molecule contains more than 3 chlorines
Molecule228 (#228) warning: molecule contains more than 3 chlorines
Molecule234 (#234) warning: molecule contains more than 3 chlorines
Molecule235 (#235) warning: molecule contains more than 3 chlorines
Molecule236 (#236) warning: molecule contains more than 3 chlorines
Molecule237 (#237) warning: molecule contains more than 3 chlorines
Molecule238 (#238) warning: molecule contains more than 3 chlorines
Molecule239 (#239) warning: molecule contains more than 3 chlorines
Molecule240 (#240) warning: molecule contains more than 3 chlorines
Molecule241 (#241) warning: molecule contains more than 3 chlorines
Molecule243 (#243) warning: molecule contains more than 3 chlorines
Molecule244 (#244) warning: molecule contains more than 3 chlorines
Molecule245 (#245) warning: molecule contains more than 3 chlorines
Molecule246 (#246) warning: molecule contains more than 3 chlorines
Molecule247 (#247) warning: molecule contains more than 3 chlorines
Molecule248 (#248) warning: molecule contains more than 3 chlorines
Molecule249 (#249) warning: molecule contains more than 3 chlorines
Molecule250 (#250) warning: molecule contains more than 3 chlorines
Molecule251 (#251) warning: molecule contains more than 3 chlorines
Molecule252 (#252) warning: molecule contains more than 3 chlorines
Molecule253 (#253) warning: molecule contains more than 3 chlorines
Molecule254 (#254) warning: molecule contains more than 3 chlorines
Molecule255 (#255) warning: molecule contains more than 3 chlorines
Molecule256 (#256) warning: molecule contains more than 3 chlorines
Molecule258 (#258) warning: molecule contains more than 3 chlorines
Molecule259 (#259) warning: molecule contains more than 3 chlorines
Molecule260 (#260) warning: molecule contains more than 3 chlorines
Molecule261 (#261) warning: molecule contains more than 3 chlorines
Molecule262 (#262) warning: molecule contains more than 3 chlorines
Molecule263 (#263) warning: molecule contains more than 3 chlorines
Molecule264 (#264) warning: molecule contains more than 3 chlorines
Molecule265 (#265) warning: molecule contains more than 3 chlorines
Molecule266 (#266) warning: molecule contains more than 3 chlorines
Molecule267 (#267) warning: molecule contains more than 3 chlorines
Molecule268 (#268) warning: molecule contains more than 3 chlorines
Molecule271 (#271) warning: molecule contains more than 3 chlorines
Molecule272 (#272) warning: molecule contains more than 3 chlorines
Molecule273 (#273) warning: molecule contains more than 3 chlorines
Molecule274 (#274) warning: molecule contains more than 3 chlorines
Molecule275 (#275) warning: molecule contains more than 3 chlorines
Molecule276 (#276) warning: molecule contains more than 3 chlorines
Molecule277 (#277) warning: molecule contains more than 3 chlorines
Molecule279 (#279) warning: molecule contains more than 3 chlorines
Molecule280 (#280) warning: molecule contains more than 3 chlorines
Molecule290 (#290) warning: molecule contains more than 3 chlorines
Molecule291 (#291) warning: molecule contains more than 3 chlorines
Molecule292 (#292) warning: molecule contains more than 3 chlorines
Molecule293 (#293) warning: molecule contains more than 3 chlorines
Molecule294 (#294) warning: molecule contains more than 3 chlorines
Molecule295 (#295) warning: molecule contains more than 3 chlorines
Molecule296 (#296) warning: molecule contains more than 3 chlorines
Molecule298 (#298) warning: molecule contains more than 3 chlorines
Molecule299 (#299) warning: molecule contains more than 3 chlorines
Molecule309 (#309) warning: molecule contains more than 3 chlorines
Molecule310 (#310) warning: molecule contains more than 3 chlorines
Molecule312 (#312) warning: molecule contains more than 3 chlorines
Molecule317 (#317) warning: molecule contains more than 3 chlorines
Molecule323 (#323) warning: molecule contains more than 3 chlorines
Molecule324 (#324) warning: molecule contains more than 3 chlorines
Molecule325 (#325) warning: molecule contains more than 3 chlorines
Molecule329 (#329) warning: molecule contains more than 3 chlorines
Molecule330 (#330) warning: molecule contains more than 3 chlorines
Molecule334 (#334) warning: molecule contains more than 3 chlorines
Molecule335 (#335) warning: molecule contains more than 3 chlorines
Molecule355 (#355) warning: molecule contains more than 3 chlorines
Molecule356 (#356) warning: molecule contains more than 3 chlorines
Molecule357 (#357) warning: molecule contains more than 3 chlorines
Molecule366 (#366) warning: molecule contains more than 3 chlorines
Molecule416 (#416) warning: molecule contains more than 3 chlorines
Molecule438 (#438) warning: molecule contains more than 3 chlorines
Molecule439 (#439) warning: molecule contains more than 3 chlorines
Molecule441 (#441) warning: molecule contains more than 3 chlorines
Molecule463 (#463) warning: molecule contains more than 3 chlorines
Molecule465 (#465) warning: molecule contains more than 3 chlorines
Molecule466 (#466) warning: molecule contains more than 3 chlorines
Molecule475 (#475) warning: molecule contains more than 3 chlorines
Molecule476 (#476) warning: molecule contains more than 3 chlorines
Molecule477 (#477) warning: molecule contains more than 3 chlorines
Molecule479 (#479) warning: molecule contains more than 3 chlorines
Molecule480 (#480) warning: molecule contains more than 3 chlorines
Molecule482 (#482) warning: molecule contains more than 3 chlorines
Molecule483 (#483) warning: molecule contains more than 3 chlorines
Molecule484 (#484) warning: molecule contains more than 3 chlorines
Molecule486 (#486) warning: molecule contains more than 3 chlorines
Molecule488 (#488) warning: molecule contains more than 3 chlorines
Molecule489 (#489) warning: molecule contains more than 3 chlorines
Molecule531 (#531) warning: molecule contains more than 3 chlorines
Molecule532 (#532) warning: molecule contains more than 3 chlorines
Molecule533 (#533) warning: molecule contains more than 3 chlorines
Molecule543 (#543) warning: molecule contains more than 3 flourines
Molecule545 (#545) warning: molecule contains more than 3 flourines
Molecule546 (#546) warning: molecule contains more than 3 flourines
Molecule570 (#570) warning: molecule contains more than 3 flourines
Molecule588 (#588) warning: molecule contains more than 3 flourines
Molecule610 (#610) warning: molecule contains more than 3 iodines
Molecule611 (#611) warning: molecule contains more than 3 iodines
Molecule852 (#852) warning: molecule contains more than 3 chlorines
Molecule857 (#857) warning: molecule contains more than 3 flourines
Molecule1640 (#1640) skipped over: NOT_ORGANIC
>>>>>>> e07b0708d708c3ba1fc1c5c2123bee363b2657a3
