The system is: Darwin - 11.4.2 - i386
Compiling the C compiler identification source file "CMakeCCompilerId.c" succeeded.
Compiler: /usr/bin/cc 
Build flags: 
Id flags: 

The output was:
0


Compilation of the C compiler identification source "CMakeCCompilerId.c" produced "a.out"

The C compiler identification is GNU, found in "/Users/daniel/Dropbox/projects/camb/camb/src/build/CMakeFiles/2.8.10.1/CompilerIdC/a.out"

Compiling the CXX compiler identification source file "CMakeCXXCompilerId.cpp" succeeded.
Compiler: /usr/bin/c++ 
Build flags: 
Id flags: 

The output was:
0


Compilation of the CXX compiler identification source "CMakeCXXCompilerId.cpp" produced "a.out"

The CXX compiler identification is GNU, found in "/Users/daniel/Dropbox/projects/camb/camb/src/build/CMakeFiles/2.8.10.1/CompilerIdCXX/a.out"

Determining if the C compiler works passed with the following output:
Change Dir: /Users/daniel/Dropbox/projects/camb/camb/src/build/CMakeFiles/CMakeTmp

Run Build Command:/usr/bin/make "cmTryCompileExec3714031574/fast"
make -f CMakeFiles/cmTryCompileExec3714031574.dir/build.make CMakeFiles/cmTryCompileExec3714031574.dir/build
/usr/local/Cellar/cmake/2.8.10.1/bin/cmake -E cmake_progress_report /Users/daniel/Dropbox/projects/camb/camb/src/build/CMakeFiles/CMakeTmp/CMakeFiles 1
Building C object CMakeFiles/cmTryCompileExec3714031574.dir/testCCompiler.c.o
/usr/bin/cc    -o CMakeFiles/cmTryCompileExec3714031574.dir/testCCompiler.c.o   -c /Users/daniel/Dropbox/projects/camb/camb/src/build/CMakeFiles/CMakeTmp/testCCompiler.c
Linking C executable cmTryCompileExec3714031574
/usr/local/Cellar/cmake/2.8.10.1/bin/cmake -E cmake_link_script CMakeFiles/cmTryCompileExec3714031574.dir/link.txt --verbose=1
/usr/bin/cc      -Wl,-search_paths_first -Wl,-headerpad_max_install_names   CMakeFiles/cmTryCompileExec3714031574.dir/testCCompiler.c.o  -o cmTryCompileExec3714031574  


Detecting C compiler ABI info compiled with the following output:
Change Dir: /Users/daniel/Dropbox/projects/camb/camb/src/build/CMakeFiles/CMakeTmp

Run Build Command:/usr/bin/make "cmTryCompileExec996480892/fast"
make -f CMakeFiles/cmTryCompileExec996480892.dir/build.make CMakeFiles/cmTryCompileExec996480892.dir/build
/usr/local/Cellar/cmake/2.8.10.1/bin/cmake -E cmake_progress_report /Users/daniel/Dropbox/projects/camb/camb/src/build/CMakeFiles/CMakeTmp/CMakeFiles 1
Building C object CMakeFiles/cmTryCompileExec996480892.dir/CMakeCCompilerABI.c.o
/usr/bin/cc    -o CMakeFiles/cmTryCompileExec996480892.dir/CMakeCCompilerABI.c.o   -c /usr/local/Cellar/cmake/2.8.10.1/share/cmake/Modules/CMakeCCompilerABI.c
Linking C executable cmTryCompileExec996480892
/usr/local/Cellar/cmake/2.8.10.1/bin/cmake -E cmake_link_script CMakeFiles/cmTryCompileExec996480892.dir/link.txt --verbose=1
/usr/bin/cc      -Wl,-search_paths_first -Wl,-headerpad_max_install_names -v CMakeFiles/cmTryCompileExec996480892.dir/CMakeCCompilerABI.c.o  -o cmTryCompileExec996480892   
Using built-in specs.
Target: i686-apple-darwin11
Configured with: /private/var/tmp/llvmgcc42/llvmgcc42-2335.15~25/src/configure --disable-checking --enable-werror --prefix=/Developer/usr/llvm-gcc-4.2 --mandir=/share/man --enable-languages=c,objc,c++,obj-c++ --program-prefix=llvm- --program-transform-name=/^[cg][^.-]*$/s/$/-4.2/ --with-slibdir=/usr/lib --build=i686-apple-darwin11 --enable-llvm=/private/var/tmp/llvmgcc42/llvmgcc42-2335.15~25/dst-llvmCore/Developer/usr/local --program-prefix=i686-apple-darwin11- --host=x86_64-apple-darwin11 --target=i686-apple-darwin11 --with-gxx-include-dir=/usr/include/c++/4.2.1
Thread model: posix
gcc version 4.2.1 (Based on Apple Inc. build 5658) (LLVM build 2335.15.00)
 /usr/llvm-gcc-4.2/bin/../libexec/gcc/i686-apple-darwin11/4.2.1/collect2 -dynamic -arch x86_64 -macosx_version_min 10.7.4 -weak_reference_mismatches non-weak -o cmTryCompileExec996480892 -lcrt1.10.6.o -L/usr/llvm-gcc-4.2/bin/../lib/gcc/i686-apple-darwin11/4.2.1/x86_64 -L/Developer/usr/llvm-gcc-4.2/lib/gcc/i686-apple-darwin11/4.2.1/x86_64 -L/usr/lib/gcc/i686-apple-darwin11/4.2.1/x86_64 -L/usr/lib/i686-apple-darwin11/4.2.1 -L/usr/llvm-gcc-4.2/bin/../lib/gcc/i686-apple-darwin11/4.2.1 -L/usr/llvm-gcc-4.2/bin/../lib/gcc -L/Developer/usr/llvm-gcc-4.2/lib/gcc/i686-apple-darwin11/4.2.1 -L/usr/lib/gcc/i686-apple-darwin11/4.2.1 -L/usr/llvm-gcc-4.2/bin/../lib/gcc/i686-apple-darwin11/4.2.1/../../.. -L/Developer/usr/llvm-gcc-4.2/lib/gcc/i686-apple-darwin11/4.2.1/../../.. -search_paths_first -headerpad_max_install_names CMakeFiles/cmTryCompileExec996480892.dir/CMakeCCompilerABI.c.o -lSystem -lgcc -lSystem


Parsed C implicit link information from above output:
  link line regex: [^( *|.*[/\])(ld|ld|collect2)[^/\]*( |$)]
  ignore line: [Change Dir: /Users/daniel/Dropbox/projects/camb/camb/src/build/CMakeFiles/CMakeTmp]
  ignore line: []
  ignore line: [Run Build Command:/usr/bin/make "cmTryCompileExec996480892/fast"]
  ignore line: [make -f CMakeFiles/cmTryCompileExec996480892.dir/build.make CMakeFiles/cmTryCompileExec996480892.dir/build]
  ignore line: [/usr/local/Cellar/cmake/2.8.10.1/bin/cmake -E cmake_progress_report /Users/daniel/Dropbox/projects/camb/camb/src/build/CMakeFiles/CMakeTmp/CMakeFiles 1]
  ignore line: [Building C object CMakeFiles/cmTryCompileExec996480892.dir/CMakeCCompilerABI.c.o]
  ignore line: [/usr/bin/cc    -o CMakeFiles/cmTryCompileExec996480892.dir/CMakeCCompilerABI.c.o   -c /usr/local/Cellar/cmake/2.8.10.1/share/cmake/Modules/CMakeCCompilerABI.c]
  ignore line: [Linking C executable cmTryCompileExec996480892]
  ignore line: [/usr/local/Cellar/cmake/2.8.10.1/bin/cmake -E cmake_link_script CMakeFiles/cmTryCompileExec996480892.dir/link.txt --verbose=1]
  ignore line: [/usr/bin/cc      -Wl,-search_paths_first -Wl,-headerpad_max_install_names -v CMakeFiles/cmTryCompileExec996480892.dir/CMakeCCompilerABI.c.o  -o cmTryCompileExec996480892   ]
  ignore line: [Using built-in specs.]
  ignore line: [Target: i686-apple-darwin11]
  ignore line: [Configured with: /private/var/tmp/llvmgcc42/llvmgcc42-2335.15~25/src/configure --disable-checking --enable-werror --prefix=/Developer/usr/llvm-gcc-4.2 --mandir=/share/man --enable-languages=c,objc,c++,obj-c++ --program-prefix=llvm- --program-transform-name=/^[cg][^.-]*$/s/$/-4.2/ --with-slibdir=/usr/lib --build=i686-apple-darwin11 --enable-llvm=/private/var/tmp/llvmgcc42/llvmgcc42-2335.15~25/dst-llvmCore/Developer/usr/local --program-prefix=i686-apple-darwin11- --host=x86_64-apple-darwin11 --target=i686-apple-darwin11 --with-gxx-include-dir=/usr/include/c++/4.2.1]
  ignore line: [Thread model: posix]
  ignore line: [gcc version 4.2.1 (Based on Apple Inc. build 5658) (LLVM build 2335.15.00)]
  link line: [ /usr/llvm-gcc-4.2/bin/../libexec/gcc/i686-apple-darwin11/4.2.1/collect2 -dynamic -arch x86_64 -macosx_version_min 10.7.4 -weak_reference_mismatches non-weak -o cmTryCompileExec996480892 -lcrt1.10.6.o -L/usr/llvm-gcc-4.2/bin/../lib/gcc/i686-apple-darwin11/4.2.1/x86_64 -L/Developer/usr/llvm-gcc-4.2/lib/gcc/i686-apple-darwin11/4.2.1/x86_64 -L/usr/lib/gcc/i686-apple-darwin11/4.2.1/x86_64 -L/usr/lib/i686-apple-darwin11/4.2.1 -L/usr/llvm-gcc-4.2/bin/../lib/gcc/i686-apple-darwin11/4.2.1 -L/usr/llvm-gcc-4.2/bin/../lib/gcc -L/Developer/usr/llvm-gcc-4.2/lib/gcc/i686-apple-darwin11/4.2.1 -L/usr/lib/gcc/i686-apple-darwin11/4.2.1 -L/usr/llvm-gcc-4.2/bin/../lib/gcc/i686-apple-darwin11/4.2.1/../../.. -L/Developer/usr/llvm-gcc-4.2/lib/gcc/i686-apple-darwin11/4.2.1/../../.. -search_paths_first -headerpad_max_install_names CMakeFiles/cmTryCompileExec996480892.dir/CMakeCCompilerABI.c.o -lSystem -lgcc -lSystem]
    arg [/usr/llvm-gcc-4.2/bin/../libexec/gcc/i686-apple-darwin11/4.2.1/collect2] ==> ignore
    arg [-dynamic] ==> ignore
    arg [-arch] ==> ignore
    arg [x86_64] ==> ignore
    arg [-macosx_version_min] ==> ignore
    arg [10.7.4] ==> ignore
    arg [-weak_reference_mismatches] ==> ignore
    arg [non-weak] ==> ignore
    arg [-o] ==> ignore
    arg [cmTryCompileExec996480892] ==> ignore
    arg [-lcrt1.10.6.o] ==> lib [crt1.10.6.o]
    arg [-L/usr/llvm-gcc-4.2/bin/../lib/gcc/i686-apple-darwin11/4.2.1/x86_64] ==> dir [/usr/llvm-gcc-4.2/bin/../lib/gcc/i686-apple-darwin11/4.2.1/x86_64]
    arg [-L/Developer/usr/llvm-gcc-4.2/lib/gcc/i686-apple-darwin11/4.2.1/x86_64] ==> dir [/Developer/usr/llvm-gcc-4.2/lib/gcc/i686-apple-darwin11/4.2.1/x86_64]
    arg [-L/usr/lib/gcc/i686-apple-darwin11/4.2.1/x86_64] ==> dir [/usr/lib/gcc/i686-apple-darwin11/4.2.1/x86_64]
    arg [-L/usr/lib/i686-apple-darwin11/4.2.1] ==> dir [/usr/lib/i686-apple-darwin11/4.2.1]
    arg [-L/usr/llvm-gcc-4.2/bin/../lib/gcc/i686-apple-darwin11/4.2.1] ==> dir [/usr/llvm-gcc-4.2/bin/../lib/gcc/i686-apple-darwin11/4.2.1]
    arg [-L/usr/llvm-gcc-4.2/bin/../lib/gcc] ==> dir [/usr/llvm-gcc-4.2/bin/../lib/gcc]
    arg [-L/Developer/usr/llvm-gcc-4.2/lib/gcc/i686-apple-darwin11/4.2.1] ==> dir [/Developer/usr/llvm-gcc-4.2/lib/gcc/i686-apple-darwin11/4.2.1]
    arg [-L/usr/lib/gcc/i686-apple-darwin11/4.2.1] ==> dir [/usr/lib/gcc/i686-apple-darwin11/4.2.1]
    arg [-L/usr/llvm-gcc-4.2/bin/../lib/gcc/i686-apple-darwin11/4.2.1/../../..] ==> dir [/usr/llvm-gcc-4.2/bin/../lib/gcc/i686-apple-darwin11/4.2.1/../../..]
    arg [-L/Developer/usr/llvm-gcc-4.2/lib/gcc/i686-apple-darwin11/4.2.1/../../..] ==> dir [/Developer/usr/llvm-gcc-4.2/lib/gcc/i686-apple-darwin11/4.2.1/../../..]
    arg [-search_paths_first] ==> ignore
    arg [-headerpad_max_install_names] ==> ignore
    arg [CMakeFiles/cmTryCompileExec996480892.dir/CMakeCCompilerABI.c.o] ==> ignore
    arg [-lSystem] ==> lib [System]
    arg [-lgcc] ==> lib [gcc]
    arg [-lSystem] ==> lib [System]
  remove lib [crt1.10.6.o]
  remove lib [System]
  remove lib [gcc]
  remove lib [System]
  collapse dir [/usr/llvm-gcc-4.2/bin/../lib/gcc/i686-apple-darwin11/4.2.1/x86_64] ==> [/usr/llvm-gcc-4.2/lib/gcc/i686-apple-darwin11/4.2.1/x86_64]
  collapse dir [/Developer/usr/llvm-gcc-4.2/lib/gcc/i686-apple-darwin11/4.2.1/x86_64] ==> [/Developer/usr/llvm-gcc-4.2/lib/gcc/i686-apple-darwin11/4.2.1/x86_64]
  collapse dir [/usr/lib/gcc/i686-apple-darwin11/4.2.1/x86_64] ==> [/usr/lib/gcc/i686-apple-darwin11/4.2.1/x86_64]
  collapse dir [/usr/lib/i686-apple-darwin11/4.2.1] ==> [/usr/lib/i686-apple-darwin11/4.2.1]
  collapse dir [/usr/llvm-gcc-4.2/bin/../lib/gcc/i686-apple-darwin11/4.2.1] ==> [/usr/llvm-gcc-4.2/lib/gcc/i686-apple-darwin11/4.2.1]
  collapse dir [/usr/llvm-gcc-4.2/bin/../lib/gcc] ==> [/usr/llvm-gcc-4.2/lib/gcc]
  collapse dir [/Developer/usr/llvm-gcc-4.2/lib/gcc/i686-apple-darwin11/4.2.1] ==> [/Developer/usr/llvm-gcc-4.2/lib/gcc/i686-apple-darwin11/4.2.1]
  collapse dir [/usr/lib/gcc/i686-apple-darwin11/4.2.1] ==> [/usr/lib/gcc/i686-apple-darwin11/4.2.1]
  collapse dir [/usr/llvm-gcc-4.2/bin/../lib/gcc/i686-apple-darwin11/4.2.1/../../..] ==> [/usr/llvm-gcc-4.2/lib]
  collapse dir [/Developer/usr/llvm-gcc-4.2/lib/gcc/i686-apple-darwin11/4.2.1/../../..] ==> [/Developer/usr/llvm-gcc-4.2/lib]
  implicit libs: []
  implicit dirs: [/usr/llvm-gcc-4.2/lib/gcc/i686-apple-darwin11/4.2.1/x86_64;/Developer/usr/llvm-gcc-4.2/lib/gcc/i686-apple-darwin11/4.2.1/x86_64;/usr/lib/gcc/i686-apple-darwin11/4.2.1/x86_64;/usr/lib/i686-apple-darwin11/4.2.1;/usr/llvm-gcc-4.2/lib/gcc/i686-apple-darwin11/4.2.1;/usr/llvm-gcc-4.2/lib/gcc;/Developer/usr/llvm-gcc-4.2/lib/gcc/i686-apple-darwin11/4.2.1;/usr/lib/gcc/i686-apple-darwin11/4.2.1;/usr/llvm-gcc-4.2/lib;/Developer/usr/llvm-gcc-4.2/lib]


Determining if the CXX compiler works passed with the following output:
Change Dir: /Users/daniel/Dropbox/projects/camb/camb/src/build/CMakeFiles/CMakeTmp

Run Build Command:/usr/bin/make "cmTryCompileExec3455000311/fast"
make -f CMakeFiles/cmTryCompileExec3455000311.dir/build.make CMakeFiles/cmTryCompileExec3455000311.dir/build
/usr/local/Cellar/cmake/2.8.10.1/bin/cmake -E cmake_progress_report /Users/daniel/Dropbox/projects/camb/camb/src/build/CMakeFiles/CMakeTmp/CMakeFiles 1
Building CXX object CMakeFiles/cmTryCompileExec3455000311.dir/testCXXCompiler.cxx.o
/usr/bin/c++     -o CMakeFiles/cmTryCompileExec3455000311.dir/testCXXCompiler.cxx.o -c /Users/daniel/Dropbox/projects/camb/camb/src/build/CMakeFiles/CMakeTmp/testCXXCompiler.cxx
Linking CXX executable cmTryCompileExec3455000311
/usr/local/Cellar/cmake/2.8.10.1/bin/cmake -E cmake_link_script CMakeFiles/cmTryCompileExec3455000311.dir/link.txt --verbose=1
/usr/bin/c++       -Wl,-search_paths_first -Wl,-headerpad_max_install_names   CMakeFiles/cmTryCompileExec3455000311.dir/testCXXCompiler.cxx.o  -o cmTryCompileExec3455000311  


Detecting CXX compiler ABI info compiled with the following output:
Change Dir: /Users/daniel/Dropbox/projects/camb/camb/src/build/CMakeFiles/CMakeTmp

Run Build Command:/usr/bin/make "cmTryCompileExec1473822418/fast"
make -f CMakeFiles/cmTryCompileExec1473822418.dir/build.make CMakeFiles/cmTryCompileExec1473822418.dir/build
/usr/local/Cellar/cmake/2.8.10.1/bin/cmake -E cmake_progress_report /Users/daniel/Dropbox/projects/camb/camb/src/build/CMakeFiles/CMakeTmp/CMakeFiles 1
Building CXX object CMakeFiles/cmTryCompileExec1473822418.dir/CMakeCXXCompilerABI.cpp.o
/usr/bin/c++     -o CMakeFiles/cmTryCompileExec1473822418.dir/CMakeCXXCompilerABI.cpp.o -c /usr/local/Cellar/cmake/2.8.10.1/share/cmake/Modules/CMakeCXXCompilerABI.cpp
Linking CXX executable cmTryCompileExec1473822418
/usr/local/Cellar/cmake/2.8.10.1/bin/cmake -E cmake_link_script CMakeFiles/cmTryCompileExec1473822418.dir/link.txt --verbose=1
/usr/bin/c++       -Wl,-search_paths_first -Wl,-headerpad_max_install_names -v CMakeFiles/cmTryCompileExec1473822418.dir/CMakeCXXCompilerABI.cpp.o  -o cmTryCompileExec1473822418   
Using built-in specs.
Target: i686-apple-darwin11
Configured with: /private/var/tmp/llvmgcc42/llvmgcc42-2335.15~25/src/configure --disable-checking --enable-werror --prefix=/Developer/usr/llvm-gcc-4.2 --mandir=/share/man --enable-languages=c,objc,c++,obj-c++ --program-prefix=llvm- --program-transform-name=/^[cg][^.-]*$/s/$/-4.2/ --with-slibdir=/usr/lib --build=i686-apple-darwin11 --enable-llvm=/private/var/tmp/llvmgcc42/llvmgcc42-2335.15~25/dst-llvmCore/Developer/usr/local --program-prefix=i686-apple-darwin11- --host=x86_64-apple-darwin11 --target=i686-apple-darwin11 --with-gxx-include-dir=/usr/include/c++/4.2.1
Thread model: posix
gcc version 4.2.1 (Based on Apple Inc. build 5658) (LLVM build 2335.15.00)
 /usr/llvm-gcc-4.2/bin/../libexec/gcc/i686-apple-darwin11/4.2.1/collect2 -dynamic -arch x86_64 -macosx_version_min 10.7.4 -weak_reference_mismatches non-weak -o cmTryCompileExec1473822418 -lcrt1.10.6.o -L/usr/llvm-gcc-4.2/bin/../lib/gcc/i686-apple-darwin11/4.2.1/x86_64 -L/Developer/usr/llvm-gcc-4.2/lib/gcc/i686-apple-darwin11/4.2.1/x86_64 -L/usr/lib/gcc/i686-apple-darwin11/4.2.1/x86_64 -L/usr/lib/i686-apple-darwin11/4.2.1 -L/usr/llvm-gcc-4.2/bin/../lib/gcc/i686-apple-darwin11/4.2.1 -L/usr/llvm-gcc-4.2/bin/../lib/gcc -L/Developer/usr/llvm-gcc-4.2/lib/gcc/i686-apple-darwin11/4.2.1 -L/usr/lib/gcc/i686-apple-darwin11/4.2.1 -L/usr/llvm-gcc-4.2/bin/../lib/gcc/i686-apple-darwin11/4.2.1/../../.. -L/Developer/usr/llvm-gcc-4.2/lib/gcc/i686-apple-darwin11/4.2.1/../../.. -search_paths_first -headerpad_max_install_names CMakeFiles/cmTryCompileExec1473822418.dir/CMakeCXXCompilerABI.cpp.o -lstdc++ -lSystem -lgcc -lSystem


Parsed CXX implicit link information from above output:
  link line regex: [^( *|.*[/\])(ld|ld|collect2)[^/\]*( |$)]
  ignore line: [Change Dir: /Users/daniel/Dropbox/projects/camb/camb/src/build/CMakeFiles/CMakeTmp]
  ignore line: []
  ignore line: [Run Build Command:/usr/bin/make "cmTryCompileExec1473822418/fast"]
  ignore line: [make -f CMakeFiles/cmTryCompileExec1473822418.dir/build.make CMakeFiles/cmTryCompileExec1473822418.dir/build]
  ignore line: [/usr/local/Cellar/cmake/2.8.10.1/bin/cmake -E cmake_progress_report /Users/daniel/Dropbox/projects/camb/camb/src/build/CMakeFiles/CMakeTmp/CMakeFiles 1]
  ignore line: [Building CXX object CMakeFiles/cmTryCompileExec1473822418.dir/CMakeCXXCompilerABI.cpp.o]
  ignore line: [/usr/bin/c++     -o CMakeFiles/cmTryCompileExec1473822418.dir/CMakeCXXCompilerABI.cpp.o -c /usr/local/Cellar/cmake/2.8.10.1/share/cmake/Modules/CMakeCXXCompilerABI.cpp]
  ignore line: [Linking CXX executable cmTryCompileExec1473822418]
  ignore line: [/usr/local/Cellar/cmake/2.8.10.1/bin/cmake -E cmake_link_script CMakeFiles/cmTryCompileExec1473822418.dir/link.txt --verbose=1]
  ignore line: [/usr/bin/c++       -Wl,-search_paths_first -Wl,-headerpad_max_install_names -v CMakeFiles/cmTryCompileExec1473822418.dir/CMakeCXXCompilerABI.cpp.o  -o cmTryCompileExec1473822418   ]
  ignore line: [Using built-in specs.]
  ignore line: [Target: i686-apple-darwin11]
  ignore line: [Configured with: /private/var/tmp/llvmgcc42/llvmgcc42-2335.15~25/src/configure --disable-checking --enable-werror --prefix=/Developer/usr/llvm-gcc-4.2 --mandir=/share/man --enable-languages=c,objc,c++,obj-c++ --program-prefix=llvm- --program-transform-name=/^[cg][^.-]*$/s/$/-4.2/ --with-slibdir=/usr/lib --build=i686-apple-darwin11 --enable-llvm=/private/var/tmp/llvmgcc42/llvmgcc42-2335.15~25/dst-llvmCore/Developer/usr/local --program-prefix=i686-apple-darwin11- --host=x86_64-apple-darwin11 --target=i686-apple-darwin11 --with-gxx-include-dir=/usr/include/c++/4.2.1]
  ignore line: [Thread model: posix]
  ignore line: [gcc version 4.2.1 (Based on Apple Inc. build 5658) (LLVM build 2335.15.00)]
  link line: [ /usr/llvm-gcc-4.2/bin/../libexec/gcc/i686-apple-darwin11/4.2.1/collect2 -dynamic -arch x86_64 -macosx_version_min 10.7.4 -weak_reference_mismatches non-weak -o cmTryCompileExec1473822418 -lcrt1.10.6.o -L/usr/llvm-gcc-4.2/bin/../lib/gcc/i686-apple-darwin11/4.2.1/x86_64 -L/Developer/usr/llvm-gcc-4.2/lib/gcc/i686-apple-darwin11/4.2.1/x86_64 -L/usr/lib/gcc/i686-apple-darwin11/4.2.1/x86_64 -L/usr/lib/i686-apple-darwin11/4.2.1 -L/usr/llvm-gcc-4.2/bin/../lib/gcc/i686-apple-darwin11/4.2.1 -L/usr/llvm-gcc-4.2/bin/../lib/gcc -L/Developer/usr/llvm-gcc-4.2/lib/gcc/i686-apple-darwin11/4.2.1 -L/usr/lib/gcc/i686-apple-darwin11/4.2.1 -L/usr/llvm-gcc-4.2/bin/../lib/gcc/i686-apple-darwin11/4.2.1/../../.. -L/Developer/usr/llvm-gcc-4.2/lib/gcc/i686-apple-darwin11/4.2.1/../../.. -search_paths_first -headerpad_max_install_names CMakeFiles/cmTryCompileExec1473822418.dir/CMakeCXXCompilerABI.cpp.o -lstdc++ -lSystem -lgcc -lSystem]
    arg [/usr/llvm-gcc-4.2/bin/../libexec/gcc/i686-apple-darwin11/4.2.1/collect2] ==> ignore
    arg [-dynamic] ==> ignore
    arg [-arch] ==> ignore
    arg [x86_64] ==> ignore
    arg [-macosx_version_min] ==> ignore
    arg [10.7.4] ==> ignore
    arg [-weak_reference_mismatches] ==> ignore
    arg [non-weak] ==> ignore
    arg [-o] ==> ignore
    arg [cmTryCompileExec1473822418] ==> ignore
    arg [-lcrt1.10.6.o] ==> lib [crt1.10.6.o]
    arg [-L/usr/llvm-gcc-4.2/bin/../lib/gcc/i686-apple-darwin11/4.2.1/x86_64] ==> dir [/usr/llvm-gcc-4.2/bin/../lib/gcc/i686-apple-darwin11/4.2.1/x86_64]
    arg [-L/Developer/usr/llvm-gcc-4.2/lib/gcc/i686-apple-darwin11/4.2.1/x86_64] ==> dir [/Developer/usr/llvm-gcc-4.2/lib/gcc/i686-apple-darwin11/4.2.1/x86_64]
    arg [-L/usr/lib/gcc/i686-apple-darwin11/4.2.1/x86_64] ==> dir [/usr/lib/gcc/i686-apple-darwin11/4.2.1/x86_64]
    arg [-L/usr/lib/i686-apple-darwin11/4.2.1] ==> dir [/usr/lib/i686-apple-darwin11/4.2.1]
    arg [-L/usr/llvm-gcc-4.2/bin/../lib/gcc/i686-apple-darwin11/4.2.1] ==> dir [/usr/llvm-gcc-4.2/bin/../lib/gcc/i686-apple-darwin11/4.2.1]
    arg [-L/usr/llvm-gcc-4.2/bin/../lib/gcc] ==> dir [/usr/llvm-gcc-4.2/bin/../lib/gcc]
    arg [-L/Developer/usr/llvm-gcc-4.2/lib/gcc/i686-apple-darwin11/4.2.1] ==> dir [/Developer/usr/llvm-gcc-4.2/lib/gcc/i686-apple-darwin11/4.2.1]
    arg [-L/usr/lib/gcc/i686-apple-darwin11/4.2.1] ==> dir [/usr/lib/gcc/i686-apple-darwin11/4.2.1]
    arg [-L/usr/llvm-gcc-4.2/bin/../lib/gcc/i686-apple-darwin11/4.2.1/../../..] ==> dir [/usr/llvm-gcc-4.2/bin/../lib/gcc/i686-apple-darwin11/4.2.1/../../..]
    arg [-L/Developer/usr/llvm-gcc-4.2/lib/gcc/i686-apple-darwin11/4.2.1/../../..] ==> dir [/Developer/usr/llvm-gcc-4.2/lib/gcc/i686-apple-darwin11/4.2.1/../../..]
    arg [-search_paths_first] ==> ignore
    arg [-headerpad_max_install_names] ==> ignore
    arg [CMakeFiles/cmTryCompileExec1473822418.dir/CMakeCXXCompilerABI.cpp.o] ==> ignore
    arg [-lstdc++] ==> lib [stdc++]
    arg [-lSystem] ==> lib [System]
    arg [-lgcc] ==> lib [gcc]
    arg [-lSystem] ==> lib [System]
  remove lib [crt1.10.6.o]
  remove lib [System]
  remove lib [gcc]
  remove lib [System]
  collapse dir [/usr/llvm-gcc-4.2/bin/../lib/gcc/i686-apple-darwin11/4.2.1/x86_64] ==> [/usr/llvm-gcc-4.2/lib/gcc/i686-apple-darwin11/4.2.1/x86_64]
  collapse dir [/Developer/usr/llvm-gcc-4.2/lib/gcc/i686-apple-darwin11/4.2.1/x86_64] ==> [/Developer/usr/llvm-gcc-4.2/lib/gcc/i686-apple-darwin11/4.2.1/x86_64]
  collapse dir [/usr/lib/gcc/i686-apple-darwin11/4.2.1/x86_64] ==> [/usr/lib/gcc/i686-apple-darwin11/4.2.1/x86_64]
  collapse dir [/usr/lib/i686-apple-darwin11/4.2.1] ==> [/usr/lib/i686-apple-darwin11/4.2.1]
  collapse dir [/usr/llvm-gcc-4.2/bin/../lib/gcc/i686-apple-darwin11/4.2.1] ==> [/usr/llvm-gcc-4.2/lib/gcc/i686-apple-darwin11/4.2.1]
  collapse dir [/usr/llvm-gcc-4.2/bin/../lib/gcc] ==> [/usr/llvm-gcc-4.2/lib/gcc]
  collapse dir [/Developer/usr/llvm-gcc-4.2/lib/gcc/i686-apple-darwin11/4.2.1] ==> [/Developer/usr/llvm-gcc-4.2/lib/gcc/i686-apple-darwin11/4.2.1]
  collapse dir [/usr/lib/gcc/i686-apple-darwin11/4.2.1] ==> [/usr/lib/gcc/i686-apple-darwin11/4.2.1]
  collapse dir [/usr/llvm-gcc-4.2/bin/../lib/gcc/i686-apple-darwin11/4.2.1/../../..] ==> [/usr/llvm-gcc-4.2/lib]
  collapse dir [/Developer/usr/llvm-gcc-4.2/lib/gcc/i686-apple-darwin11/4.2.1/../../..] ==> [/Developer/usr/llvm-gcc-4.2/lib]
  implicit libs: [stdc++]
  implicit dirs: [/usr/llvm-gcc-4.2/lib/gcc/i686-apple-darwin11/4.2.1/x86_64;/Developer/usr/llvm-gcc-4.2/lib/gcc/i686-apple-darwin11/4.2.1/x86_64;/usr/lib/gcc/i686-apple-darwin11/4.2.1/x86_64;/usr/lib/i686-apple-darwin11/4.2.1;/usr/llvm-gcc-4.2/lib/gcc/i686-apple-darwin11/4.2.1;/usr/llvm-gcc-4.2/lib/gcc;/Developer/usr/llvm-gcc-4.2/lib/gcc/i686-apple-darwin11/4.2.1;/usr/lib/gcc/i686-apple-darwin11/4.2.1;/usr/llvm-gcc-4.2/lib;/Developer/usr/llvm-gcc-4.2/lib]


